<?xml version="1.0" encoding="UTF-8"?>
<testsuite name="org.example.TestManagementPrimarie" tests="17" skipped="0" failures="0" errors="0" timestamp="2022-12-28T16:11:24" hostname="192.168.1.5" time="0.649">
  <properties/>
  <testcase name="utilizatoriCombinat1()" classname="org.example.TestManagementPrimarie" time="0.098"/>
  <testcase name="utilizatoriCombinat2()" classname="org.example.TestManagementPrimarie" time="0.037"/>
  <testcase name="utilizatoriCombinat3()" classname="org.example.TestManagementPrimarie" time="0.062"/>
  <testcase name="exceptieCerere1()" classname="org.example.TestManagementPrimarie" time="0.015"/>
  <testcase name="adaugaCerere1()" classname="org.example.TestManagementPrimarie" time="0.01"/>
  <testcase name="birouCereri1()" classname="org.example.TestManagementPrimarie" time="0.052"/>
  <testcase name="birouCereri2()" classname="org.example.TestManagementPrimarie" time="0.034"/>
  <testcase name="birouCereri3()" classname="org.example.TestManagementPrimarie" time="0.015"/>
  <testcase name="birouCereri4()" classname="org.example.TestManagementPrimarie" time="0.094"/>
  <testcase name="birouCereri5()" classname="org.example.TestManagementPrimarie" time="0.034"/>
  <testcase name="emptyOutput()" classname="org.example.TestManagementPrimarie" time="0.012"/>
  <testcase name="stergeCerere1()" classname="org.example.TestManagementPrimarie" time="0.009"/>
  <testcase name="utilizatorCerereCombinat1()" classname="org.example.TestManagementPrimarie" time="0.014"/>
  <testcase name="utilizatorCerereCombinat2()" classname="org.example.TestManagementPrimarie" time="0.009"/>
  <testcase name="utilizatorCerereCombinat3()" classname="org.example.TestManagementPrimarie" time="0.025"/>
  <testcase name="utilizatorCerereCombinat4()" classname="org.example.TestManagementPrimarie" time="0.009"/>
  <testcase name="utilizatorCerereCombinat5()" classname="org.example.TestManagementPrimarie" time="0.017"/>
  <system-out><![CDATA[]]></system-out>
  <system-err><![CDATA[]]></system-err>
</testsuite>
