<?xml version="1.0" encoding="UTF-8"?>
<testsuite name="com.example.project.TestTema1" tests="74" skipped="0" failures="0" errors="0" timestamp="2022-12-01T18:18:10" hostname="Paius-MBP.lan" time="4.251">
  <properties/>
  <testcase name="testSubmitQuizUsernameDoesNotExists()" classname="com.example.project.TestTema1" time="0.351"/>
  <testcase name="testDeleteQuizLoginCredentialsAreWrong()" classname="com.example.project.TestTema1" time="0.192"/>
  <testcase name="testGetAllQuizezLoginCredentialsAreWrong()" classname="com.example.project.TestTema1" time="0.041"/>
  <testcase name="testGetQuestionNoPassword()" classname="com.example.project.TestTema1" time="0.029"/>
  <testcase name="testCreateQuizNameAlreadyExists()" classname="com.example.project.TestTema1" time="0.339"/>
  <testcase name="testQuestionAnswerHasNoAnswerFlag()" classname="com.example.project.TestTema1" time="0.089"/>
  <testcase name="testGetAllQuizezNoUsername()" classname="com.example.project.TestTema1" time="0.011"/>
  <testcase name="testCreateQuizLoginCredentialsAreWrong()" classname="com.example.project.TestTema1" time="0.019"/>
  <testcase name="testSubmitQuizNoId()" classname="com.example.project.TestTema1" time="0.031"/>
  <testcase name="testCreateQuestionLoginCredentialsAreWrong()" classname="com.example.project.TestTema1" time="0.023"/>
  <testcase name="testQuestionAnswerHasNoDescription()" classname="com.example.project.TestTema1" time="0.051"/>
  <testcase name="testGetQuestionNotFound()" classname="com.example.project.TestTema1" time="0.046"/>
  <testcase name="testDeleteQuizUsernameDoesNotExists()" classname="com.example.project.TestTema1" time="0.013"/>
  <testcase name="testDummy()" classname="com.example.project.TestTema1" time="0.004"/>
  <testcase name="testGetSolutionsNoUsername()" classname="com.example.project.TestTema1" time="0.013"/>
  <testcase name="testSubmitQuizLoginCredentialsAreWrong()" classname="com.example.project.TestTema1" time="0.017"/>
  <testcase name="testCreateUserNoUsername()" classname="com.example.project.TestTema1" time="0.015"/>
  <testcase name="testCreateQuizUsernameDoesNotExists()" classname="com.example.project.TestTema1" time="0.023"/>
  <testcase name="testSubmitQuizNoUsername()" classname="com.example.project.TestTema1" time="0.007"/>
  <testcase name="testSubmitQuizNotFound()" classname="com.example.project.TestTema1" time="0.101"/>
  <testcase name="testGetQuizDetailsNoUsername()" classname="com.example.project.TestTema1" time="0.016"/>
  <testcase name="testCreateQuestionWithExistingName()" classname="com.example.project.TestTema1" time="0.023"/>
  <testcase name="testGetSolutionsSuccessfully()" classname="com.example.project.TestTema1" time="0.163"/>
  <testcase name="testSingleAnswerQuestionHasMultipleCorrectAnswers()" classname="com.example.project.TestTema1" time="0.021"/>
  <testcase name="testCreateQuizNoUsername()" classname="com.example.project.TestTema1" time="0.016"/>
  <testcase name="testGetAllQuestionsLoginCredentialsAreWrong()" classname="com.example.project.TestTema1" time="0.054"/>
  <testcase name="testQuestionHasNoAnswers()" classname="com.example.project.TestTema1" time="0.032"/>
  <testcase name="testGetQuestionLoginCredentialsAreWrong()" classname="com.example.project.TestTema1" time="0.011"/>
  <testcase name="testGetAllQuestionsUsernameDoesNotExists()" classname="com.example.project.TestTema1" time="0.013"/>
  <testcase name="testGetQuizNoUsername()" classname="com.example.project.TestTema1" time="0.018"/>
  <testcase name="testGetAllQuizezUsernameDoesNotExists()" classname="com.example.project.TestTema1" time="0.042"/>
  <testcase name="testQuestionHasOnlyOneAnswer()" classname="com.example.project.TestTema1" time="0.038"/>
  <testcase name="testDeleteQuizSuccessfully()" classname="com.example.project.TestTema1" time="0.099"/>
  <testcase name="testGetAllQuestionsNoUsername()" classname="com.example.project.TestTema1" time="0.014"/>
  <testcase name="testDeleteQuizNoUsername()" classname="com.example.project.TestTema1" time="0.013"/>
  <testcase name="testCreateQuestionNoUsername()" classname="com.example.project.TestTema1" time="0.007"/>
  <testcase name="testDeleteQuizNotFound()" classname="com.example.project.TestTema1" time="0.109"/>
  <testcase name="testGetAllQuizezNoPassword()" classname="com.example.project.TestTema1" time="0.007"/>
  <testcase name="testDeleteQuizNoId()" classname="com.example.project.TestTema1" time="0.015"/>
  <testcase name="testGetQuizNotFound()" classname="com.example.project.TestTema1" time="0.083"/>
  <testcase name="testCreateQuestionSuccessfully()" classname="com.example.project.TestTema1" time="0.025"/>
  <testcase name="testGetQuizUsernameDoesNotExists()" classname="com.example.project.TestTema1" time="0.04"/>
  <testcase name="testCreateUserUserCreatedSuccesfully()" classname="com.example.project.TestTema1" time="0.007"/>
  <testcase name="testGetSolutionsNoPassword()" classname="com.example.project.TestTema1" time="0.019"/>
  <testcase name="testGetQuestionSuccessfully()" classname="com.example.project.TestTema1" time="0.032"/>
  <testcase name="testCreateUserNoPassword()" classname="com.example.project.TestTema1" time="0.007"/>
  <testcase name="testGetQuizSuccessfully()" classname="com.example.project.TestTema1" time="0.064"/>
  <testcase name="testGetQuizDetailsUsernameDoesNotExists()" classname="com.example.project.TestTema1" time="0.006"/>
  <testcase name="testSubmitQuiz2Of3QuestionsAnswered()" classname="com.example.project.TestTema1" time="0.162"/>
  <testcase name="testQuestionDuplicateAnswers()" classname="com.example.project.TestTema1" time="0.031"/>
  <testcase name="testGetQuestionUsernameDoesNotExists()" classname="com.example.project.TestTema1" time="0.005"/>
  <testcase name="testSubmitQuizNoPassword()" classname="com.example.project.TestTema1" time="0.024"/>
  <testcase name="testGetQuizDetailsNoPassword()" classname="com.example.project.TestTema1" time="0.015"/>
  <testcase name="testCreateQuestionUsernameDoesNotExists()" classname="com.example.project.TestTema1" time="0.077"/>
  <testcase name="testCreateQuizNoPassword()" classname="com.example.project.TestTema1" time="0.004"/>
  <testcase name="testQuestionHasNoText()" classname="com.example.project.TestTema1" time="0.057"/>
  <testcase name="testSubmitQuizSuccessfully()" classname="com.example.project.TestTema1" time="0.052"/>
  <testcase name="testGetQuizNoPassword()" classname="com.example.project.TestTema1" time="0.003"/>
  <testcase name="testGetSolutionsUserDoesNotExists()" classname="com.example.project.TestTema1" time="0.006"/>
  <testcase name="testGetQuestionNoUsername()" classname="com.example.project.TestTema1" time="0.018"/>
  <testcase name="testGetAllQuestionsNoPassword()" classname="com.example.project.TestTema1" time="0.008"/>
  <testcase name="testCreateQuizQuestionIdDoesNotExist()" classname="com.example.project.TestTema1" time="0.029"/>
  <testcase name="testDeleteQuizNoPassword()" classname="com.example.project.TestTema1" time="0.014"/>
  <testcase name="testCreateQuestionNoPassword()" classname="com.example.project.TestTema1" time="0.008"/>
  <testcase name="testGetAllQuizezSuccessfully()" classname="com.example.project.TestTema1" time="0.145"/>
  <testcase name="testGetSolutionsWrongCredentials()" classname="com.example.project.TestTema1" time="0.007"/>
  <testcase name="testCreateUserUserAlreadyExists()" classname="com.example.project.TestTema1" time="0.089"/>
  <testcase name="testGetAllQuestionsSuccessfully()" classname="com.example.project.TestTema1" time="0.032"/>
  <testcase name="testSubmitQuizAnsweredWrong()" classname="com.example.project.TestTema1" time="0.075"/>
  <testcase name="testSubmitQuiz1QuestionAnsweredWrong2QuestionsAnsweredCorectly()" classname="com.example.project.TestTema1" time="0.067"/>
  <testcase name="testGetQuizLoginCredentialsAreWrong()" classname="com.example.project.TestTema1" time="0.007"/>
  <testcase name="testGetQuizDetailsLoginCredentialsAreWrong()" classname="com.example.project.TestTema1" time="0.014"/>
  <testcase name="testCreateQuizSuccessfully()" classname="com.example.project.TestTema1" time="0.019"/>
  <testcase name="testGetQuizDetailsSuccessfully()" classname="com.example.project.TestTema1" time="0.056"/>
  <system-out><![CDATA[{ 'status': 'ok', 'message' : 'Cleanup finished successfully'}{ 'status': 'ok', 'message' : 'Cleanup finished successfully'}{ 'status': 'ok', 'message' : 'Cleanup finished successfully'}{ 'status': 'ok', 'message' : 'Cleanup finished successfully'}{ 'status': 'ok', 'message' : 'Cleanup finished successfully'}{ 'status': 'ok', 'message' : 'Cleanup finished successfully'}{ 'status': 'ok', 'message' : 'Cleanup finished successfully'}{ 'status': 'ok', 'message' : 'Cleanup finished successfully'}{ 'status': 'ok', 'message' : 'Cleanup finished successfully'}{ 'status': 'ok', 'message' : 'Cleanup finished successfully'}{ 'status': 'ok', 'message' : 'Cleanup finished successfully'}{ 'status': 'ok', 'message' : 'Cleanup finished successfully'}{ 'status': 'ok', 'message' : 'Cleanup finished successfully'}{ 'status': 'ok', 'message' : 'Cleanup finished successfully'}{ 'status': 'ok', 'message' : 'Cleanup finished successfully'}{ 'status': 'ok', 'message' : 'Cleanup finished successfully'}{ 'status': 'ok', 'message' : 'Cleanup finished successfully'}{ 'status': 'ok', 'message' : 'Cleanup finished successfully'}{ 'status': 'ok', 'message' : 'Cleanup finished successfully'}{ 'status': 'ok', 'message' : 'Cleanup finished successfully'}{ 'status': 'ok', 'message' : 'Cleanup finished successfully'}{ 'status': 'ok', 'message' : 'Cleanup finished successfully'}{ 'status': 'ok', 'message' : 'Cleanup finished successfully'}{ 'status': 'ok', 'message' : 'Cleanup finished successfully'}{ 'status': 'ok', 'message' : 'Cleanup finished successfully'}{ 'status': 'ok', 'message' : 'Cleanup finished successfully'}{ 'status': 'ok', 'message' : 'Cleanup finished successfully'}{ 'status': 'ok', 'message' : 'Cleanup finished successfully'}{ 'status': 'ok', 'message' : 'Cleanup finished successfully'}{ 'status': 'ok', 'message' : 'Cleanup finished successfully'}{ 'status': 'ok', 'message' : 'Cleanup finished successfully'}{ 'status': 'ok', 'message' : 'Cleanup finished successfully'}{ 'status': 'ok', 'message' : 'Cleanup finished successfully'}{ 'status': 'ok', 'message' : 'Cleanup finished successfully'}{ 'status': 'ok', 'message' : 'Cleanup finished successfully'}{ 'status': 'ok', 'message' : 'Cleanup finished successfully'}{ 'status': 'ok', 'message' : 'Cleanup finished successfully'}{ 'status': 'ok', 'message' : 'Cleanup finished successfully'}{ 'status': 'ok', 'message' : 'Cleanup finished successfully'}{ 'status': 'ok', 'message' : 'Cleanup finished successfully'}{ 'status': 'ok', 'message' : 'Cleanup finished successfully'}{ 'status': 'ok', 'message' : 'Cleanup finished successfully'}{ 'status': 'ok', 'message' : 'Cleanup finished successfully'}{ 'status': 'ok', 'message' : 'Cleanup finished successfully'}{ 'status': 'ok', 'message' : 'Cleanup finished successfully'}{ 'status': 'ok', 'message' : 'Cleanup finished successfully'}{ 'status': 'ok', 'message' : 'Cleanup finished successfully'}{ 'status': 'ok', 'message' : 'Cleanup finished successfully'}{ 'status': 'ok', 'message' : 'Cleanup finished successfully'}{ 'status': 'ok', 'message' : 'Cleanup finished successfully'}{ 'status': 'ok', 'message' : 'Cleanup finished successfully'}{ 'status': 'ok', 'message' : 'Cleanup finished successfully'}{ 'status': 'ok', 'message' : 'Cleanup finished successfully'}{ 'status': 'ok', 'message' : 'Cleanup finished successfully'}{ 'status': 'ok', 'message' : 'Cleanup finished successfully'}{ 'status': 'ok', 'message' : 'Cleanup finished successfully'}{ 'status': 'ok', 'message' : 'Cleanup finished successfully'}{ 'status': 'ok', 'message' : 'Cleanup finished successfully'}{ 'status': 'ok', 'message' : 'Cleanup finished successfully'}{ 'status': 'ok', 'message' : 'Cleanup finished successfully'}{ 'status': 'ok', 'message' : 'Cleanup finished successfully'}{ 'status': 'ok', 'message' : 'Cleanup finished successfully'}{ 'status': 'ok', 'message' : 'Cleanup finished successfully'}{ 'status': 'ok', 'message' : 'Cleanup finished successfully'}{ 'status': 'ok', 'message' : 'Cleanup finished successfully'}{ 'status': 'ok', 'message' : 'Cleanup finished successfully'}{ 'status': 'ok', 'message' : 'Cleanup finished successfully'}{ 'status': 'ok', 'message' : 'Cleanup finished successfully'}{ 'status': 'ok', 'message' : 'Cleanup finished successfully'}{ 'status': 'ok', 'message' : 'Cleanup finished successfully'}{ 'status': 'ok', 'message' : 'Cleanup finished successfully'}{ 'status': 'ok', 'message' : 'Cleanup finished successfully'}{ 'status': 'ok', 'message' : 'Cleanup finished successfully'}]]></system-out>
  <system-err><![CDATA[]]></system-err>
</testsuite>
